[2019-12-05 14:04:18.049] [renderer1] [info] no standard startup: not the explorer viewlet
[2019-12-05 14:04:21.445] [renderer1] [error] Cannot read property 'installAndRestartMessage' of undefined: TypeError: Cannot read property 'installAndRestartMessage' of undefined
    at file:///usr/share/code/resources/app/out/vs/workbench/workbench.main.js:4681:214
    at Object.g [as _notify] (file:///usr/share/code/resources/app/out/vs/workbench/workbench.main.js:150:807)
    at Object.enter (file:///usr/share/code/resources/app/out/vs/workbench/workbench.main.js:154:85)
    at n.Class.derive._oncancel._run (file:///usr/share/code/resources/app/out/vs/workbench/workbench.main.js:155:896)
    at n.Class.derive._oncancel._completed (file:///usr/share/code/resources/app/out/vs/workbench/workbench.main.js:155:337)
    at l (file:///usr/share/code/resources/app/out/vs/workbench/workbench.main.js:158:855)
    at n.Class.derive.join.r.forEach.j.then.o.(anonymous function) (file:///usr/share/code/resources/app/out/vs/workbench/workbench.main.js:159:45)
    at Object.g [as _notify] (file:///usr/share/code/resources/app/out/vs/workbench/workbench.main.js:150:807)
    at Object.enter (file:///usr/share/code/resources/app/out/vs/workbench/workbench.main.js:154:85)
    at n.Class.derive._creator._run (file:///usr/share/code/resources/app/out/vs/workbench/workbench.main.js:155:896)
    at n.Class.derive._creator._completed (file:///usr/share/code/resources/app/out/vs/workbench/workbench.main.js:155:337)
    at Object.g [as _notify] (file:///usr/share/code/resources/app/out/vs/workbench/workbench.main.js:150:807)
    at Object.enter (file:///usr/share/code/resources/app/out/vs/workbench/workbench.main.js:154:85)
    at n.Class.derive._oncancel._run (file:///usr/share/code/resources/app/out/vs/workbench/workbench.main.js:155:896)
    at n.Class.derive._oncancel._completed (file:///usr/share/code/resources/app/out/vs/workbench/workbench.main.js:155:337)
    at t.<anonymous> (file:///usr/share/code/resources/app/out/vs/workbench/workbench.main.js:5301:276)
    at emitNone (events.js:86:13)
    at t.emit (events.js:188:7)
    at endReadableNT (_stream_readable.js:975:12)
    at _combinedTickCallback (internal/process/next_tick.js:80:11)
    at process._tickCallback (internal/process/next_tick.js:104:9)
[2019-12-05 14:04:31.739] [renderer1] [info] no standard startup: not just one text editor
[2019-12-05 14:04:34.957] [renderer1] [error] Cannot read property 'installAndRestartMessage' of undefined: TypeError: Cannot read property 'installAndRestartMessage' of undefined
    at file:///usr/share/code/resources/app/out/vs/workbench/workbench.main.js:4681:214
    at Object.g [as _notify] (file:///usr/share/code/resources/app/out/vs/workbench/workbench.main.js:150:807)
    at Object.enter (file:///usr/share/code/resources/app/out/vs/workbench/workbench.main.js:154:85)
    at n.Class.derive._oncancel._run (file:///usr/share/code/resources/app/out/vs/workbench/workbench.main.js:155:896)
    at n.Class.derive._oncancel._completed (file:///usr/share/code/resources/app/out/vs/workbench/workbench.main.js:155:337)
    at l (file:///usr/share/code/resources/app/out/vs/workbench/workbench.main.js:158:855)
    at n.Class.derive.join.r.forEach.j.then.o.(anonymous function) (file:///usr/share/code/resources/app/out/vs/workbench/workbench.main.js:159:45)
    at Object.g [as _notify] (file:///usr/share/code/resources/app/out/vs/workbench/workbench.main.js:150:807)
    at Object.enter (file:///usr/share/code/resources/app/out/vs/workbench/workbench.main.js:154:85)
    at n.Class.derive._creator._run (file:///usr/share/code/resources/app/out/vs/workbench/workbench.main.js:155:896)
    at n.Class.derive._creator._completed (file:///usr/share/code/resources/app/out/vs/workbench/workbench.main.js:155:337)
    at Object.g [as _notify] (file:///usr/share/code/resources/app/out/vs/workbench/workbench.main.js:150:807)
    at Object.enter (file:///usr/share/code/resources/app/out/vs/workbench/workbench.main.js:154:85)
    at n.Class.derive._oncancel._run (file:///usr/share/code/resources/app/out/vs/workbench/workbench.main.js:155:896)
    at n.Class.derive._oncancel._completed (file:///usr/share/code/resources/app/out/vs/workbench/workbench.main.js:155:337)
    at t.<anonymous> (file:///usr/share/code/resources/app/out/vs/workbench/workbench.main.js:5301:276)
    at emitNone (events.js:86:13)
    at t.emit (events.js:188:7)
    at endReadableNT (_stream_readable.js:975:12)
    at _combinedTickCallback (internal/process/next_tick.js:80:11)
    at process._tickCallback (internal/process/next_tick.js:104:9)
[2019-12-05 14:09:40.501] [renderer1] [info] no standard startup: not just one text editor
[2019-12-05 14:09:43.576] [renderer1] [error] Cannot read property 'installAndRestartMessage' of undefined: TypeError: Cannot read property 'installAndRestartMessage' of undefined
    at file:///usr/share/code/resources/app/out/vs/workbench/workbench.main.js:4681:214
    at Object.g [as _notify] (file:///usr/share/code/resources/app/out/vs/workbench/workbench.main.js:150:807)
    at Object.enter (file:///usr/share/code/resources/app/out/vs/workbench/workbench.main.js:154:85)
    at n.Class.derive._oncancel._run (file:///usr/share/code/resources/app/out/vs/workbench/workbench.main.js:155:896)
    at n.Class.derive._oncancel._completed (file:///usr/share/code/resources/app/out/vs/workbench/workbench.main.js:155:337)
    at l (file:///usr/share/code/resources/app/out/vs/workbench/workbench.main.js:158:855)
    at n.Class.derive.join.r.forEach.j.then.o.(anonymous function) (file:///usr/share/code/resources/app/out/vs/workbench/workbench.main.js:159:45)
    at Object.g [as _notify] (file:///usr/share/code/resources/app/out/vs/workbench/workbench.main.js:150:807)
    at Object.enter (file:///usr/share/code/resources/app/out/vs/workbench/workbench.main.js:154:85)
    at n.Class.derive._creator._run (file:///usr/share/code/resources/app/out/vs/workbench/workbench.main.js:155:896)
    at n.Class.derive._creator._completed (file:///usr/share/code/resources/app/out/vs/workbench/workbench.main.js:155:337)
    at Object.g [as _notify] (file:///usr/share/code/resources/app/out/vs/workbench/workbench.main.js:150:807)
    at Object.enter (file:///usr/share/code/resources/app/out/vs/workbench/workbench.main.js:154:85)
    at n.Class.derive._oncancel._run (file:///usr/share/code/resources/app/out/vs/workbench/workbench.main.js:155:896)
    at n.Class.derive._oncancel._completed (file:///usr/share/code/resources/app/out/vs/workbench/workbench.main.js:155:337)
    at t.<anonymous> (file:///usr/share/code/resources/app/out/vs/workbench/workbench.main.js:5301:276)
    at emitNone (events.js:86:13)
    at t.emit (events.js:188:7)
    at endReadableNT (_stream_readable.js:975:12)
    at _combinedTickCallback (internal/process/next_tick.js:80:11)
    at process._tickCallback (internal/process/next_tick.js:104:9)
[2019-12-05 17:29:14.900] [renderer1] [info] no standard startup: not a new window
[2019-12-05 17:29:18.245] [renderer1] [error] Cannot read property 'installAndRestartMessage' of undefined: TypeError: Cannot read property 'installAndRestartMessage' of undefined
    at file:///usr/share/code/resources/app/out/vs/workbench/workbench.main.js:4681:214
    at Object.g [as _notify] (file:///usr/share/code/resources/app/out/vs/workbench/workbench.main.js:150:807)
    at Object.enter (file:///usr/share/code/resources/app/out/vs/workbench/workbench.main.js:154:85)
    at n.Class.derive._oncancel._run (file:///usr/share/code/resources/app/out/vs/workbench/workbench.main.js:155:896)
    at n.Class.derive._oncancel._completed (file:///usr/share/code/resources/app/out/vs/workbench/workbench.main.js:155:337)
    at l (file:///usr/share/code/resources/app/out/vs/workbench/workbench.main.js:158:855)
    at n.Class.derive.join.r.forEach.j.then.o.(anonymous function) (file:///usr/share/code/resources/app/out/vs/workbench/workbench.main.js:159:45)
    at Object.g [as _notify] (file:///usr/share/code/resources/app/out/vs/workbench/workbench.main.js:150:807)
    at Object.enter (file:///usr/share/code/resources/app/out/vs/workbench/workbench.main.js:154:85)
    at n.Class.derive._creator._run (file:///usr/share/code/resources/app/out/vs/workbench/workbench.main.js:155:896)
    at n.Class.derive._creator._completed (file:///usr/share/code/resources/app/out/vs/workbench/workbench.main.js:155:337)
    at Object.g [as _notify] (file:///usr/share/code/resources/app/out/vs/workbench/workbench.main.js:150:807)
    at Object.enter (file:///usr/share/code/resources/app/out/vs/workbench/workbench.main.js:154:85)
    at n.Class.derive._oncancel._run (file:///usr/share/code/resources/app/out/vs/workbench/workbench.main.js:155:896)
    at n.Class.derive._oncancel._completed (file:///usr/share/code/resources/app/out/vs/workbench/workbench.main.js:155:337)
    at t.<anonymous> (file:///usr/share/code/resources/app/out/vs/workbench/workbench.main.js:5301:276)
    at emitNone (events.js:86:13)
    at t.emit (events.js:188:7)
    at endReadableNT (_stream_readable.js:975:12)
    at _combinedTickCallback (internal/process/next_tick.js:80:11)
    at process._tickCallback (internal/process/next_tick.js:104:9)
