Initializing document watcher...
Rebuilding config map...
kubernetes-sample/configmap.yaml: Using EditorConfig core...
Detected change in configuration: {}
No more open editors.
kubernetes-sample/service.yaml: Using EditorConfig core...
kubernetes-sample/service.yaml: {}
kubernetes-sample/pod.yaml: Using EditorConfig core...
kubernetes-sample/pod.yaml: {}
kubernetes-sample/deployment.yaml: Using EditorConfig core...
kubernetes-sample/deployment.yaml: {}
kubernetes-sample/pod.yaml: Applying configuration map...
kubernetes-sample/pod.yaml: {}
kubernetes-sample/service.yaml: Applying configuration map...
kubernetes-sample/service.yaml: {}
kubernetes-sample/configmap.yaml: Applying configuration map...
kubernetes-sample/configmap.yaml: {}
kubernetes-sample/mysql/deployment.yaml: Using EditorConfig core...
kubernetes-sample/mysql/deployment.yaml: {}
kubernetes-sample/deployment.yaml: Applying configuration map...
kubernetes-sample/deployment.yaml: {}
kubernetes-sample/mysql/deployment.yaml: Applying configuration map...
kubernetes-sample/mysql/deployment.yaml: {}
kubernetes-sample/mysql/persistent-volume.yaml: Using EditorConfig core...
kubernetes-sample/mysql/persistent-volume.yaml: {}
kubernetes-sample/mysql/deployment.yaml: Applying configuration map...
kubernetes-sample/mysql/deployment.yaml: {}
kubernetes-sample/mysql/service.yaml: Using EditorConfig core...
kubernetes-sample/mysql/service.yaml: {}
kubernetes-sample/mysql/persistent-volume.yaml: Applying configuration map...
kubernetes-sample/mysql/persistent-volume.yaml: {}
